[debug] [2023-07-28T20:53:39.195Z] ----------------------------------------------------------------------
[debug] [2023-07-28T20:53:39.199Z] Command:       C:\Program Files\nodejs\node.exe C:\Users\hacks\AppData\Roaming\npm\node_modules\firebase-tools\lib\bin\firebase.js init
[debug] [2023-07-28T20:53:39.200Z] CLI Version:   12.4.6
[debug] [2023-07-28T20:53:39.201Z] Platform:      win32
[debug] [2023-07-28T20:53:39.201Z] Node Version:  v18.12.1
[debug] [2023-07-28T20:53:39.203Z] Time:          Sat Jul 29 2023 02:23:39 GMT+0530 (India Standard Time)
[debug] [2023-07-28T20:53:39.203Z] ----------------------------------------------------------------------
[debug] 
[debug] [2023-07-28T20:53:39.211Z] >>> [apiv2][query] GET https://firebase-public.firebaseio.com/cli.json [none]
[debug] [2023-07-28T20:53:39.311Z] > command requires scopes: ["email","openid","https://www.googleapis.com/auth/cloudplatformprojects.readonly","https://www.googleapis.com/auth/firebase","https://www.googleapis.com/auth/cloud-platform"]
[debug] [2023-07-28T20:53:39.312Z] > authorizing via signed-in user (hacksick7@gmail.com)
[info] 
     ######## #### ########  ######## ########     ###     ######  ########
     ##        ##  ##     ## ##       ##     ##  ##   ##  ##       ##
     ######    ##  ########  ######   ########  #########  ######  ######
     ##        ##  ##    ##  ##       ##     ## ##     ##       ## ##
     ##       #### ##     ## ######## ########  ##     ##  ######  ########

You're about to initialize a Firebase project in this directory:

  C:\Users\hacks\Desktop\portfolio

[debug] [2023-07-28T20:53:40.166Z] <<< [apiv2][status] GET https://firebase-public.firebaseio.com/cli.json 200
[debug] [2023-07-28T20:53:40.168Z] <<< [apiv2][body] GET https://firebase-public.firebaseio.com/cli.json {"cloudBuildErrorAfter":1594252800000,"cloudBuildWarnAfter":1590019200000,"defaultNode10After":1594252800000,"minVersion":"3.0.5","node8DeploysDisabledAfter":1613390400000,"node8RuntimeDisabledAfter":1615809600000,"node8WarnAfter":1600128000000}
[info] 
=== Project Setup
[info] 
[info] First, let's associate this project directory with a Firebase project.
[info] You can create multiple project aliases by running firebase use --add, 
[info] but for now we'll just set up a default project.
[info] 
[debug] [2023-07-28T20:55:38.965Z] > refreshing access token with scopes: []
[debug] [2023-07-28T20:55:38.966Z] >>> [apiv2][query] POST https://www.googleapis.com/oauth2/v3/token [none]
[debug] [2023-07-28T20:55:38.966Z] >>> [apiv2][body] POST https://www.googleapis.com/oauth2/v3/token [omitted]
[debug] [2023-07-28T20:55:39.356Z] <<< [apiv2][status] POST https://www.googleapis.com/oauth2/v3/token 200
[debug] [2023-07-28T20:55:39.356Z] <<< [apiv2][body] POST https://www.googleapis.com/oauth2/v3/token [omitted]
[debug] [2023-07-28T20:55:39.365Z] >>> [apiv2][query] GET https://firebase.googleapis.com/v1beta1/projects pageSize=100
[debug] [2023-07-28T20:55:40.617Z] <<< [apiv2][status] GET https://firebase.googleapis.com/v1beta1/projects 200
[debug] [2023-07-28T20:55:40.618Z] <<< [apiv2][body] GET https://firebase.googleapis.com/v1beta1/projects [omitted]
[info] i  Using project dhanushka-portfolio (dhanushka-portfolio) 
[info] 
=== Hosting Setup
[info] 
[info] Your public directory is the folder (relative to your project directory) that
[info] will contain Hosting assets to be uploaded with firebase deploy. If you
[info] have a build process for your assets, use your build's output directory.
[info] 
[debug] [2023-07-28T20:57:50.381Z] >>> [apiv2][query] GET https://www.gstatic.com/firebasejs/releases.json [none]
[debug] [2023-07-28T20:57:50.665Z] <<< [apiv2][status] GET https://www.gstatic.com/firebasejs/releases.json 200
[debug] [2023-07-28T20:57:50.665Z] <<< [apiv2][body] GET https://www.gstatic.com/firebasejs/releases.json {"current":{"version":"10.1.0","browserURL":"https://www.gstatic.com/firebasejs/10.1.0/firebase.js","packageURL":"https://www.gstatic.com/firebasejs/10.1.0/firebase.tgz"},"live":{"version":"10.1","browserURL":"https://www.gstatic.com/firebasejs/live/10.1/firebase.js","packageURL":"https://www.gstatic.com/firebasejs/live/10.1/firebase.tgz"},"components":{"analytics":"https://www.gstatic.com/firebasejs/10.1.0/firebase-analytics.js","app":"https://www.gstatic.com/firebasejs/10.1.0/firebase-app.js","app-check":"https://www.gstatic.com/firebasejs/10.1.0/firebase-app-check.js","auth":"https://www.gstatic.com/firebasejs/10.1.0/firebase-auth.js","auth/cordova":"https://www.gstatic.com/firebasejs/10.1.0/firebase-auth/cordova.js","functions":"https://www.gstatic.com/firebasejs/10.1.0/firebase-functions.js","firestore":"https://www.gstatic.com/firebasejs/10.1.0/firebase-firestore.js","firestore/lite":"https://www.gstatic.com/firebasejs/10.1.0/firebase-firestore/lite.js","installations":"https://www.gstatic.com/firebasejs/10.1.0/firebase-installations.js","storage":"https://www.gstatic.com/firebasejs/10.1.0/firebase-storage.js","performance":"https://www.gstatic.com/firebasejs/10.1.0/firebase-performance.js","remote-config":"https://www.gstatic.com/firebasejs/10.1.0/firebase-remote-config.js","messaging":"https://www.gstatic.com/firebasejs/10.1.0/firebase-messaging.js","messaging/sw":"https://www.gstatic.com/firebasejs/10.1.0/firebase-messaging/sw.js","database":"https://www.gstatic.com/firebasejs/10.1.0/firebase-database.js","firestore.memory":"https://www.gstatic.com/firebasejs/10.1.0/firebase-firestore.memory.js"}}
[info] i  Skipping write of public/index.html 
[info] 
[info] i  Didn't detect a .git folder. Assuming C:\Users\hacks\Desktop\portfolio is the project root. 
[info] i  Authorizing with GitHub to upload your service account to a GitHub repository's secrets store. 
[info] 
[info] Visit this URL on this device to log in:
[info] https://github.com/login/oauth/authorize?client_id=89cf50f02ac6aaed3484&state=130542043&redirect_uri=http%3A%2F%2Flocalhost%3A9005&scope=read%3Auser%20repo%20public_repo
[info] 
[info] Waiting for authentication...
[debug] [2023-07-28T20:58:41.579Z] >>> [apiv2][query] POST https://github.com/login/oauth/access_token [none]
[debug] [2023-07-28T20:58:41.579Z] >>> [apiv2][body] POST https://github.com/login/oauth/access_token [stream]
[debug] [2023-07-28T20:58:42.203Z] <<< [apiv2][status] POST https://github.com/login/oauth/access_token 200
[debug] [2023-07-28T20:58:42.203Z] <<< [apiv2][body] POST https://github.com/login/oauth/access_token {"access_token":"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","token_type":"bearer","scope":"read:user,repo"}
[debug] [2023-07-28T20:58:42.216Z] >>> [apiv2][query] GET https://api.github.com/user [none]
[debug] [2023-07-28T20:58:42.819Z] <<< [apiv2][status] GET https://api.github.com/user 200
[debug] [2023-07-28T20:58:42.819Z] <<< [apiv2][body] GET https://api.github.com/user {"login":"RDDSampath","id":88377439,"node_id":"MDQ6VXNlcjg4Mzc3NDM5","avatar_url":"https://avatars.githubusercontent.com/u/88377439?v=4","gravatar_id":"","url":"https://api.github.com/users/RDDSampath","html_url":"https://github.com/RDDSampath","followers_url":"https://api.github.com/users/RDDSampath/followers","following_url":"https://api.github.com/users/RDDSampath/following{/other_user}","gists_url":"https://api.github.com/users/RDDSampath/gists{/gist_id}","starred_url":"https://api.github.com/users/RDDSampath/starred{/owner}{/repo}","subscriptions_url":"https://api.github.com/users/RDDSampath/subscriptions","organizations_url":"https://api.github.com/users/RDDSampath/orgs","repos_url":"https://api.github.com/users/RDDSampath/repos","events_url":"https://api.github.com/users/RDDSampath/events{/privacy}","received_events_url":"https://api.github.com/users/RDDSampath/received_events","type":"User","site_admin":false,"name":"Dhanushka Sampath","company":null,"blog":"","location":null,"email":null,"hireable":null,"bio":"Never Give Up. Still We Can WIN 😎","twitter_username":null,"public_repos":10,"public_gists":0,"followers":3,"following":4,"created_at":"2021-08-03T10:06:22Z","updated_at":"2023-07-09T12:09:19Z","private_gists":0,"total_private_repos":8,"owned_private_repos":8,"disk_usage":571077,"collaborators":2,"two_factor_authentication":false,"plan":{"name":"pro","space":976562499,"collaborators":0,"private_repos":9999}}
[info] 
[info] +  Success! Logged into GitHub as RDDSampath 
[info] 
